[2025-12-23 14:06:03,870][torch.distributed.distributed_c10d][INFO] - Added key: store_based_barrier_key:1 to store for rank: 1
[2025-12-23 14:06:05,208][torch.distributed.distributed_c10d][INFO] - Rank 1: Completed store-based barrier for key:store_based_barrier_key:1 with 8 nodes.
[2025-12-23 14:06:35,584][multiflow.models.folding_model][INFO] - Loading ESMFold on device cuda:2
[2025-12-23 14:06:36,176][root][INFO] - gcc -pthread -B /data2/zq/conda_environment/conda_envs/multiflow/compiler_compat -Wno-unused-result -Wsign-compare -DNDEBUG -fwrapv -O2 -Wall -fPIC -O2 -isystem /data2/zq/conda_environment/conda_envs/multiflow/include -fPIC -O2 -isystem /data2/zq/conda_environment/conda_envs/multiflow/include -fPIC -c /data2/zq/conda_environment/tmp/tmp774i_j79/test.c -o /data2/zq/conda_environment/tmp/tmp774i_j79/test.o
[2025-12-23 14:06:36,201][root][INFO] - gcc -pthread -B /data2/zq/conda_environment/conda_envs/multiflow/compiler_compat /data2/zq/conda_environment/tmp/tmp774i_j79/test.o -laio -o /data2/zq/conda_environment/tmp/tmp774i_j79/a.out
[2025-12-23 14:06:36,598][root][INFO] - gcc -pthread -B /data2/zq/conda_environment/conda_envs/multiflow/compiler_compat -Wno-unused-result -Wsign-compare -DNDEBUG -fwrapv -O2 -Wall -fPIC -O2 -isystem /data2/zq/conda_environment/conda_envs/multiflow/include -fPIC -O2 -isystem /data2/zq/conda_environment/conda_envs/multiflow/include -fPIC -c /data2/zq/conda_environment/tmp/tmpfck3iq5r/test.c -o /data2/zq/conda_environment/tmp/tmpfck3iq5r/test.o
[2025-12-23 14:06:36,620][root][INFO] - gcc -pthread -B /data2/zq/conda_environment/conda_envs/multiflow/compiler_compat /data2/zq/conda_environment/tmp/tmpfck3iq5r/test.o -L/usr -L/usr/lib64 -lcufile -o /data2/zq/conda_environment/tmp/tmpfck3iq5r/a.out
[2025-12-23 15:05:15,665][torch.distributed.distributed_c10d][INFO] - Added key: store_based_barrier_key:1 to store for rank: 1
[2025-12-23 15:05:16,364][torch.distributed.distributed_c10d][INFO] - Rank 1: Completed store-based barrier for key:store_based_barrier_key:1 with 8 nodes.
[2025-12-23 15:08:17,903][torch.distributed.distributed_c10d][INFO] - Added key: store_based_barrier_key:1 to store for rank: 1
[2025-12-23 15:08:17,924][torch.distributed.distributed_c10d][INFO] - Rank 1: Completed store-based barrier for key:store_based_barrier_key:1 with 8 nodes.
[2025-12-23 15:22:20,776][torch.distributed.distributed_c10d][INFO] - Added key: store_based_barrier_key:1 to store for rank: 1
[2025-12-23 15:22:21,787][torch.distributed.distributed_c10d][INFO] - Rank 1: Completed store-based barrier for key:store_based_barrier_key:1 with 8 nodes.
[2025-12-23 15:23:09,737][multiflow.models.folding_model][INFO] - Loading ESMFold on device cuda:2
[2025-12-23 15:23:10,372][root][INFO] - gcc -pthread -B /data2/zq/conda_environment/conda_envs/multiflow/compiler_compat -Wno-unused-result -Wsign-compare -DNDEBUG -fwrapv -O2 -Wall -fPIC -O2 -isystem /data2/zq/conda_environment/conda_envs/multiflow/include -fPIC -O2 -isystem /data2/zq/conda_environment/conda_envs/multiflow/include -fPIC -c /data2/zq/conda_environment/tmp/tmp9hnzh64l/test.c -o /data2/zq/conda_environment/tmp/tmp9hnzh64l/test.o
[2025-12-23 15:23:10,404][root][INFO] - gcc -pthread -B /data2/zq/conda_environment/conda_envs/multiflow/compiler_compat /data2/zq/conda_environment/tmp/tmp9hnzh64l/test.o -laio -o /data2/zq/conda_environment/tmp/tmp9hnzh64l/a.out
[2025-12-23 15:23:10,799][root][INFO] - gcc -pthread -B /data2/zq/conda_environment/conda_envs/multiflow/compiler_compat -Wno-unused-result -Wsign-compare -DNDEBUG -fwrapv -O2 -Wall -fPIC -O2 -isystem /data2/zq/conda_environment/conda_envs/multiflow/include -fPIC -O2 -isystem /data2/zq/conda_environment/conda_envs/multiflow/include -fPIC -c /data2/zq/conda_environment/tmp/tmpet7sc7_b/test.c -o /data2/zq/conda_environment/tmp/tmpet7sc7_b/test.o
[2025-12-23 15:23:10,824][root][INFO] - gcc -pthread -B /data2/zq/conda_environment/conda_envs/multiflow/compiler_compat /data2/zq/conda_environment/tmp/tmpet7sc7_b/test.o -L/usr -L/usr/lib64 -lcufile -o /data2/zq/conda_environment/tmp/tmpet7sc7_b/a.out
[2025-12-23 15:33:45,225][torch.distributed.distributed_c10d][INFO] - Added key: store_based_barrier_key:1 to store for rank: 1
[2025-12-23 15:33:45,327][torch.distributed.distributed_c10d][INFO] - Rank 1: Completed store-based barrier for key:store_based_barrier_key:1 with 8 nodes.
[2025-12-23 15:36:01,832][torch.distributed.distributed_c10d][INFO] - Added key: store_based_barrier_key:1 to store for rank: 1
[2025-12-23 15:36:02,139][torch.distributed.distributed_c10d][INFO] - Rank 1: Completed store-based barrier for key:store_based_barrier_key:1 with 8 nodes.
[2025-12-23 15:39:49,338][torch.distributed.distributed_c10d][INFO] - Added key: store_based_barrier_key:1 to store for rank: 1
[2025-12-23 15:39:50,014][torch.distributed.distributed_c10d][INFO] - Rank 1: Completed store-based barrier for key:store_based_barrier_key:1 with 8 nodes.
[2025-12-23 15:48:40,797][torch.distributed.distributed_c10d][INFO] - Added key: store_based_barrier_key:1 to store for rank: 1
[2025-12-23 15:48:41,197][torch.distributed.distributed_c10d][INFO] - Rank 1: Completed store-based barrier for key:store_based_barrier_key:1 with 8 nodes.
[2025-12-23 15:49:17,542][multiflow.models.folding_model][INFO] - Loading ESMFold on device cuda:2
[2025-12-23 15:49:18,178][root][INFO] - gcc -pthread -B /data2/zq/conda_environment/conda_envs/multiflow/compiler_compat -Wno-unused-result -Wsign-compare -DNDEBUG -fwrapv -O2 -Wall -fPIC -O2 -isystem /data2/zq/conda_environment/conda_envs/multiflow/include -fPIC -O2 -isystem /data2/zq/conda_environment/conda_envs/multiflow/include -fPIC -c /data2/zq/conda_environment/tmp/tmpjd76scle/test.c -o /data2/zq/conda_environment/tmp/tmpjd76scle/test.o
[2025-12-23 15:49:18,199][root][INFO] - gcc -pthread -B /data2/zq/conda_environment/conda_envs/multiflow/compiler_compat /data2/zq/conda_environment/tmp/tmpjd76scle/test.o -laio -o /data2/zq/conda_environment/tmp/tmpjd76scle/a.out
[2025-12-23 15:49:18,610][root][INFO] - gcc -pthread -B /data2/zq/conda_environment/conda_envs/multiflow/compiler_compat -Wno-unused-result -Wsign-compare -DNDEBUG -fwrapv -O2 -Wall -fPIC -O2 -isystem /data2/zq/conda_environment/conda_envs/multiflow/include -fPIC -O2 -isystem /data2/zq/conda_environment/conda_envs/multiflow/include -fPIC -c /data2/zq/conda_environment/tmp/tmpwgaa_u4u/test.c -o /data2/zq/conda_environment/tmp/tmpwgaa_u4u/test.o
[2025-12-23 15:49:18,641][root][INFO] - gcc -pthread -B /data2/zq/conda_environment/conda_envs/multiflow/compiler_compat /data2/zq/conda_environment/tmp/tmpwgaa_u4u/test.o -L/usr -L/usr/lib64 -lcufile -o /data2/zq/conda_environment/tmp/tmpwgaa_u4u/a.out
[2025-12-23 16:58:01,533][torch.distributed.distributed_c10d][INFO] - Added key: store_based_barrier_key:1 to store for rank: 1
[2025-12-23 16:58:01,606][torch.distributed.distributed_c10d][INFO] - Rank 1: Completed store-based barrier for key:store_based_barrier_key:1 with 8 nodes.
[2025-12-23 16:58:32,555][multiflow.models.folding_model][INFO] - Loading ESMFold on device cuda:2
[2025-12-23 16:58:33,180][root][INFO] - gcc -pthread -B /data2/zq/conda_environment/conda_envs/multiflow/compiler_compat -Wno-unused-result -Wsign-compare -DNDEBUG -fwrapv -O2 -Wall -fPIC -O2 -isystem /data2/zq/conda_environment/conda_envs/multiflow/include -fPIC -O2 -isystem /data2/zq/conda_environment/conda_envs/multiflow/include -fPIC -c /data2/zq/conda_environment/tmp/tmp2yyjxgkd/test.c -o /data2/zq/conda_environment/tmp/tmp2yyjxgkd/test.o
[2025-12-23 16:58:33,202][root][INFO] - gcc -pthread -B /data2/zq/conda_environment/conda_envs/multiflow/compiler_compat /data2/zq/conda_environment/tmp/tmp2yyjxgkd/test.o -laio -o /data2/zq/conda_environment/tmp/tmp2yyjxgkd/a.out
[2025-12-23 16:58:33,667][root][INFO] - gcc -pthread -B /data2/zq/conda_environment/conda_envs/multiflow/compiler_compat -Wno-unused-result -Wsign-compare -DNDEBUG -fwrapv -O2 -Wall -fPIC -O2 -isystem /data2/zq/conda_environment/conda_envs/multiflow/include -fPIC -O2 -isystem /data2/zq/conda_environment/conda_envs/multiflow/include -fPIC -c /data2/zq/conda_environment/tmp/tmpspbf3sqr/test.c -o /data2/zq/conda_environment/tmp/tmpspbf3sqr/test.o
[2025-12-23 16:58:33,692][root][INFO] - gcc -pthread -B /data2/zq/conda_environment/conda_envs/multiflow/compiler_compat /data2/zq/conda_environment/tmp/tmpspbf3sqr/test.o -L/usr -L/usr/lib64 -lcufile -o /data2/zq/conda_environment/tmp/tmpspbf3sqr/a.out
[2025-12-23 18:01:11,399][torch.distributed.distributed_c10d][INFO] - Added key: store_based_barrier_key:1 to store for rank: 1
[2025-12-23 18:01:12,011][torch.distributed.distributed_c10d][INFO] - Rank 1: Completed store-based barrier for key:store_based_barrier_key:1 with 8 nodes.
[2025-12-23 18:02:18,619][torch.distributed.distributed_c10d][INFO] - Added key: store_based_barrier_key:1 to store for rank: 1
[2025-12-23 18:02:19,623][torch.distributed.distributed_c10d][INFO] - Rank 1: Completed store-based barrier for key:store_based_barrier_key:1 with 8 nodes.
[2025-12-23 18:10:21,627][torch.distributed.distributed_c10d][INFO] - Added key: store_based_barrier_key:1 to store for rank: 1
[2025-12-23 18:10:21,904][torch.distributed.distributed_c10d][INFO] - Rank 1: Completed store-based barrier for key:store_based_barrier_key:1 with 8 nodes.
[2025-12-23 18:10:57,631][multiflow.models.folding_model][INFO] - Loading ESMFold on device cuda:2
[2025-12-23 18:10:58,311][root][INFO] - gcc -pthread -B /data2/zq/conda_environment/conda_envs/multiflow/compiler_compat -Wno-unused-result -Wsign-compare -DNDEBUG -fwrapv -O2 -Wall -fPIC -O2 -isystem /data2/zq/conda_environment/conda_envs/multiflow/include -fPIC -O2 -isystem /data2/zq/conda_environment/conda_envs/multiflow/include -fPIC -c /data2/zq/conda_environment/tmp/tmpknxzdzt5/test.c -o /data2/zq/conda_environment/tmp/tmpknxzdzt5/test.o
[2025-12-23 18:10:58,343][root][INFO] - gcc -pthread -B /data2/zq/conda_environment/conda_envs/multiflow/compiler_compat /data2/zq/conda_environment/tmp/tmpknxzdzt5/test.o -laio -o /data2/zq/conda_environment/tmp/tmpknxzdzt5/a.out
[2025-12-23 18:10:58,746][root][INFO] - gcc -pthread -B /data2/zq/conda_environment/conda_envs/multiflow/compiler_compat -Wno-unused-result -Wsign-compare -DNDEBUG -fwrapv -O2 -Wall -fPIC -O2 -isystem /data2/zq/conda_environment/conda_envs/multiflow/include -fPIC -O2 -isystem /data2/zq/conda_environment/conda_envs/multiflow/include -fPIC -c /data2/zq/conda_environment/tmp/tmpwams464b/test.c -o /data2/zq/conda_environment/tmp/tmpwams464b/test.o
[2025-12-23 18:10:58,765][root][INFO] - gcc -pthread -B /data2/zq/conda_environment/conda_envs/multiflow/compiler_compat /data2/zq/conda_environment/tmp/tmpwams464b/test.o -L/usr -L/usr/lib64 -lcufile -o /data2/zq/conda_environment/tmp/tmpwams464b/a.out
[2025-12-23 20:37:20,780][torch.distributed.distributed_c10d][INFO] - Added key: store_based_barrier_key:1 to store for rank: 1
[2025-12-23 20:37:23,137][torch.distributed.distributed_c10d][INFO] - Rank 1: Completed store-based barrier for key:store_based_barrier_key:1 with 8 nodes.
[2025-12-23 20:37:58,923][multiflow.models.folding_model][INFO] - Loading ESMFold on device cuda:2
[2025-12-23 20:37:59,511][root][INFO] - gcc -pthread -B /data2/zq/conda_environment/conda_envs/multiflow/compiler_compat -Wno-unused-result -Wsign-compare -DNDEBUG -fwrapv -O2 -Wall -fPIC -O2 -isystem /data2/zq/conda_environment/conda_envs/multiflow/include -fPIC -O2 -isystem /data2/zq/conda_environment/conda_envs/multiflow/include -fPIC -c /data2/zq/conda_environment/tmp/tmpu6no_0sv/test.c -o /data2/zq/conda_environment/tmp/tmpu6no_0sv/test.o
[2025-12-23 20:37:59,537][root][INFO] - gcc -pthread -B /data2/zq/conda_environment/conda_envs/multiflow/compiler_compat /data2/zq/conda_environment/tmp/tmpu6no_0sv/test.o -laio -o /data2/zq/conda_environment/tmp/tmpu6no_0sv/a.out
[2025-12-23 20:37:59,932][root][INFO] - gcc -pthread -B /data2/zq/conda_environment/conda_envs/multiflow/compiler_compat -Wno-unused-result -Wsign-compare -DNDEBUG -fwrapv -O2 -Wall -fPIC -O2 -isystem /data2/zq/conda_environment/conda_envs/multiflow/include -fPIC -O2 -isystem /data2/zq/conda_environment/conda_envs/multiflow/include -fPIC -c /data2/zq/conda_environment/tmp/tmp4tfxoxpt/test.c -o /data2/zq/conda_environment/tmp/tmp4tfxoxpt/test.o
[2025-12-23 20:37:59,953][root][INFO] - gcc -pthread -B /data2/zq/conda_environment/conda_envs/multiflow/compiler_compat /data2/zq/conda_environment/tmp/tmp4tfxoxpt/test.o -L/usr -L/usr/lib64 -lcufile -o /data2/zq/conda_environment/tmp/tmp4tfxoxpt/a.out
[2025-12-23 21:27:08,978][torch.distributed.distributed_c10d][INFO] - Added key: store_based_barrier_key:1 to store for rank: 1
[2025-12-23 21:27:09,173][torch.distributed.distributed_c10d][INFO] - Rank 1: Completed store-based barrier for key:store_based_barrier_key:1 with 8 nodes.
[2025-12-23 21:27:45,615][multiflow.models.folding_model][INFO] - Loading ESMFold on device cuda:2
[2025-12-23 21:27:46,230][root][INFO] - gcc -pthread -B /data2/zq/conda_environment/conda_envs/multiflow/compiler_compat -Wno-unused-result -Wsign-compare -DNDEBUG -fwrapv -O2 -Wall -fPIC -O2 -isystem /data2/zq/conda_environment/conda_envs/multiflow/include -fPIC -O2 -isystem /data2/zq/conda_environment/conda_envs/multiflow/include -fPIC -c /data2/zq/conda_environment/tmp/tmp_s8e91ed/test.c -o /data2/zq/conda_environment/tmp/tmp_s8e91ed/test.o
[2025-12-23 21:27:46,253][root][INFO] - gcc -pthread -B /data2/zq/conda_environment/conda_envs/multiflow/compiler_compat /data2/zq/conda_environment/tmp/tmp_s8e91ed/test.o -laio -o /data2/zq/conda_environment/tmp/tmp_s8e91ed/a.out
[2025-12-23 21:27:46,659][root][INFO] - gcc -pthread -B /data2/zq/conda_environment/conda_envs/multiflow/compiler_compat -Wno-unused-result -Wsign-compare -DNDEBUG -fwrapv -O2 -Wall -fPIC -O2 -isystem /data2/zq/conda_environment/conda_envs/multiflow/include -fPIC -O2 -isystem /data2/zq/conda_environment/conda_envs/multiflow/include -fPIC -c /data2/zq/conda_environment/tmp/tmpgd98p0vn/test.c -o /data2/zq/conda_environment/tmp/tmpgd98p0vn/test.o
[2025-12-23 21:27:46,677][root][INFO] - gcc -pthread -B /data2/zq/conda_environment/conda_envs/multiflow/compiler_compat /data2/zq/conda_environment/tmp/tmpgd98p0vn/test.o -L/usr -L/usr/lib64 -lcufile -o /data2/zq/conda_environment/tmp/tmpgd98p0vn/a.out
[2025-12-23 22:31:17,416][torch.distributed.distributed_c10d][INFO] - Added key: store_based_barrier_key:1 to store for rank: 1
[2025-12-23 22:31:17,971][torch.distributed.distributed_c10d][INFO] - Rank 1: Completed store-based barrier for key:store_based_barrier_key:1 with 8 nodes.
[2025-12-23 22:31:53,708][multiflow.models.folding_model][INFO] - Loading ESMFold on device cuda:2
[2025-12-23 22:31:54,310][root][INFO] - gcc -pthread -B /data2/zq/conda_environment/conda_envs/multiflow/compiler_compat -Wno-unused-result -Wsign-compare -DNDEBUG -fwrapv -O2 -Wall -fPIC -O2 -isystem /data2/zq/conda_environment/conda_envs/multiflow/include -fPIC -O2 -isystem /data2/zq/conda_environment/conda_envs/multiflow/include -fPIC -c /data2/zq/conda_environment/tmp/tmpapwmz10y/test.c -o /data2/zq/conda_environment/tmp/tmpapwmz10y/test.o
[2025-12-23 22:31:54,344][root][INFO] - gcc -pthread -B /data2/zq/conda_environment/conda_envs/multiflow/compiler_compat /data2/zq/conda_environment/tmp/tmpapwmz10y/test.o -laio -o /data2/zq/conda_environment/tmp/tmpapwmz10y/a.out
[2025-12-23 22:31:54,789][root][INFO] - gcc -pthread -B /data2/zq/conda_environment/conda_envs/multiflow/compiler_compat -Wno-unused-result -Wsign-compare -DNDEBUG -fwrapv -O2 -Wall -fPIC -O2 -isystem /data2/zq/conda_environment/conda_envs/multiflow/include -fPIC -O2 -isystem /data2/zq/conda_environment/conda_envs/multiflow/include -fPIC -c /data2/zq/conda_environment/tmp/tmp0djxp3n4/test.c -o /data2/zq/conda_environment/tmp/tmp0djxp3n4/test.o
[2025-12-23 22:31:54,811][root][INFO] - gcc -pthread -B /data2/zq/conda_environment/conda_envs/multiflow/compiler_compat /data2/zq/conda_environment/tmp/tmp0djxp3n4/test.o -L/usr -L/usr/lib64 -lcufile -o /data2/zq/conda_environment/tmp/tmp0djxp3n4/a.out
[2025-12-23 23:39:42,958][torch.distributed.distributed_c10d][INFO] - Added key: store_based_barrier_key:1 to store for rank: 1
[2025-12-23 23:39:42,968][torch.distributed.distributed_c10d][INFO] - Rank 1: Completed store-based barrier for key:store_based_barrier_key:1 with 8 nodes.
[2025-12-23 23:40:18,993][multiflow.models.folding_model][INFO] - Loading ESMFold on device cuda:2
[2025-12-23 23:40:19,619][root][INFO] - gcc -pthread -B /data2/zq/conda_environment/conda_envs/multiflow/compiler_compat -Wno-unused-result -Wsign-compare -DNDEBUG -fwrapv -O2 -Wall -fPIC -O2 -isystem /data2/zq/conda_environment/conda_envs/multiflow/include -fPIC -O2 -isystem /data2/zq/conda_environment/conda_envs/multiflow/include -fPIC -c /data2/zq/conda_environment/tmp/tmp_tlxugly/test.c -o /data2/zq/conda_environment/tmp/tmp_tlxugly/test.o
[2025-12-23 23:40:19,638][root][INFO] - gcc -pthread -B /data2/zq/conda_environment/conda_envs/multiflow/compiler_compat /data2/zq/conda_environment/tmp/tmp_tlxugly/test.o -laio -o /data2/zq/conda_environment/tmp/tmp_tlxugly/a.out
[2025-12-23 23:40:20,069][root][INFO] - gcc -pthread -B /data2/zq/conda_environment/conda_envs/multiflow/compiler_compat -Wno-unused-result -Wsign-compare -DNDEBUG -fwrapv -O2 -Wall -fPIC -O2 -isystem /data2/zq/conda_environment/conda_envs/multiflow/include -fPIC -O2 -isystem /data2/zq/conda_environment/conda_envs/multiflow/include -fPIC -c /data2/zq/conda_environment/tmp/tmp5nb8v5t7/test.c -o /data2/zq/conda_environment/tmp/tmp5nb8v5t7/test.o
[2025-12-23 23:40:20,090][root][INFO] - gcc -pthread -B /data2/zq/conda_environment/conda_envs/multiflow/compiler_compat /data2/zq/conda_environment/tmp/tmp5nb8v5t7/test.o -L/usr -L/usr/lib64 -lcufile -o /data2/zq/conda_environment/tmp/tmp5nb8v5t7/a.out
