[2025-12-23 14:06:05,102][torch.distributed.distributed_c10d][INFO] - Added key: store_based_barrier_key:1 to store for rank: 6
[2025-12-23 14:06:05,204][torch.distributed.distributed_c10d][INFO] - Rank 6: Completed store-based barrier for key:store_based_barrier_key:1 with 8 nodes.
[2025-12-23 14:06:37,152][multiflow.models.folding_model][INFO] - Loading ESMFold on device cuda:7
[2025-12-23 14:06:37,775][root][INFO] - gcc -pthread -B /data2/zq/conda_environment/conda_envs/multiflow/compiler_compat -Wno-unused-result -Wsign-compare -DNDEBUG -fwrapv -O2 -Wall -fPIC -O2 -isystem /data2/zq/conda_environment/conda_envs/multiflow/include -fPIC -O2 -isystem /data2/zq/conda_environment/conda_envs/multiflow/include -fPIC -c /data2/zq/conda_environment/tmp/tmpf8_dh08y/test.c -o /data2/zq/conda_environment/tmp/tmpf8_dh08y/test.o
[2025-12-23 14:06:37,793][root][INFO] - gcc -pthread -B /data2/zq/conda_environment/conda_envs/multiflow/compiler_compat /data2/zq/conda_environment/tmp/tmpf8_dh08y/test.o -laio -o /data2/zq/conda_environment/tmp/tmpf8_dh08y/a.out
[2025-12-23 14:06:38,199][root][INFO] - gcc -pthread -B /data2/zq/conda_environment/conda_envs/multiflow/compiler_compat -Wno-unused-result -Wsign-compare -DNDEBUG -fwrapv -O2 -Wall -fPIC -O2 -isystem /data2/zq/conda_environment/conda_envs/multiflow/include -fPIC -O2 -isystem /data2/zq/conda_environment/conda_envs/multiflow/include -fPIC -c /data2/zq/conda_environment/tmp/tmpb5823sk6/test.c -o /data2/zq/conda_environment/tmp/tmpb5823sk6/test.o
[2025-12-23 14:06:38,220][root][INFO] - gcc -pthread -B /data2/zq/conda_environment/conda_envs/multiflow/compiler_compat /data2/zq/conda_environment/tmp/tmpb5823sk6/test.o -L/usr -L/usr/lib64 -lcufile -o /data2/zq/conda_environment/tmp/tmpb5823sk6/a.out
[2025-12-23 15:05:16,232][torch.distributed.distributed_c10d][INFO] - Added key: store_based_barrier_key:1 to store for rank: 6
[2025-12-23 15:05:16,365][torch.distributed.distributed_c10d][INFO] - Rank 6: Completed store-based barrier for key:store_based_barrier_key:1 with 8 nodes.
[2025-12-23 15:08:17,879][torch.distributed.distributed_c10d][INFO] - Added key: store_based_barrier_key:1 to store for rank: 6
[2025-12-23 15:08:17,920][torch.distributed.distributed_c10d][INFO] - Rank 6: Completed store-based barrier for key:store_based_barrier_key:1 with 8 nodes.
[2025-12-23 15:22:21,013][torch.distributed.distributed_c10d][INFO] - Added key: store_based_barrier_key:1 to store for rank: 6
[2025-12-23 15:22:21,784][torch.distributed.distributed_c10d][INFO] - Rank 6: Completed store-based barrier for key:store_based_barrier_key:1 with 8 nodes.
[2025-12-23 15:23:07,935][multiflow.models.folding_model][INFO] - Loading ESMFold on device cuda:7
[2025-12-23 15:23:08,556][root][INFO] - gcc -pthread -B /data2/zq/conda_environment/conda_envs/multiflow/compiler_compat -Wno-unused-result -Wsign-compare -DNDEBUG -fwrapv -O2 -Wall -fPIC -O2 -isystem /data2/zq/conda_environment/conda_envs/multiflow/include -fPIC -O2 -isystem /data2/zq/conda_environment/conda_envs/multiflow/include -fPIC -c /data2/zq/conda_environment/tmp/tmpw8p0a17a/test.c -o /data2/zq/conda_environment/tmp/tmpw8p0a17a/test.o
[2025-12-23 15:23:08,603][root][INFO] - gcc -pthread -B /data2/zq/conda_environment/conda_envs/multiflow/compiler_compat /data2/zq/conda_environment/tmp/tmpw8p0a17a/test.o -laio -o /data2/zq/conda_environment/tmp/tmpw8p0a17a/a.out
[2025-12-23 15:23:09,001][root][INFO] - gcc -pthread -B /data2/zq/conda_environment/conda_envs/multiflow/compiler_compat -Wno-unused-result -Wsign-compare -DNDEBUG -fwrapv -O2 -Wall -fPIC -O2 -isystem /data2/zq/conda_environment/conda_envs/multiflow/include -fPIC -O2 -isystem /data2/zq/conda_environment/conda_envs/multiflow/include -fPIC -c /data2/zq/conda_environment/tmp/tmpqpac_764/test.c -o /data2/zq/conda_environment/tmp/tmpqpac_764/test.o
[2025-12-23 15:23:09,028][root][INFO] - gcc -pthread -B /data2/zq/conda_environment/conda_envs/multiflow/compiler_compat /data2/zq/conda_environment/tmp/tmpqpac_764/test.o -L/usr -L/usr/lib64 -lcufile -o /data2/zq/conda_environment/tmp/tmpqpac_764/a.out
[2025-12-23 15:33:44,787][torch.distributed.distributed_c10d][INFO] - Added key: store_based_barrier_key:1 to store for rank: 6
[2025-12-23 15:33:45,332][torch.distributed.distributed_c10d][INFO] - Rank 6: Completed store-based barrier for key:store_based_barrier_key:1 with 8 nodes.
[2025-12-23 15:36:01,813][torch.distributed.distributed_c10d][INFO] - Added key: store_based_barrier_key:1 to store for rank: 6
[2025-12-23 15:36:02,142][torch.distributed.distributed_c10d][INFO] - Rank 6: Completed store-based barrier for key:store_based_barrier_key:1 with 8 nodes.
[2025-12-23 15:39:49,926][torch.distributed.distributed_c10d][INFO] - Added key: store_based_barrier_key:1 to store for rank: 6
[2025-12-23 15:39:50,009][torch.distributed.distributed_c10d][INFO] - Rank 6: Completed store-based barrier for key:store_based_barrier_key:1 with 8 nodes.
[2025-12-23 15:48:40,705][torch.distributed.distributed_c10d][INFO] - Added key: store_based_barrier_key:1 to store for rank: 6
[2025-12-23 15:48:41,200][torch.distributed.distributed_c10d][INFO] - Rank 6: Completed store-based barrier for key:store_based_barrier_key:1 with 8 nodes.
[2025-12-23 15:49:16,512][multiflow.models.folding_model][INFO] - Loading ESMFold on device cuda:7
[2025-12-23 15:49:17,128][root][INFO] - gcc -pthread -B /data2/zq/conda_environment/conda_envs/multiflow/compiler_compat -Wno-unused-result -Wsign-compare -DNDEBUG -fwrapv -O2 -Wall -fPIC -O2 -isystem /data2/zq/conda_environment/conda_envs/multiflow/include -fPIC -O2 -isystem /data2/zq/conda_environment/conda_envs/multiflow/include -fPIC -c /data2/zq/conda_environment/tmp/tmpqyf0v_v7/test.c -o /data2/zq/conda_environment/tmp/tmpqyf0v_v7/test.o
[2025-12-23 15:49:17,156][root][INFO] - gcc -pthread -B /data2/zq/conda_environment/conda_envs/multiflow/compiler_compat /data2/zq/conda_environment/tmp/tmpqyf0v_v7/test.o -laio -o /data2/zq/conda_environment/tmp/tmpqyf0v_v7/a.out
[2025-12-23 15:49:17,537][root][INFO] - gcc -pthread -B /data2/zq/conda_environment/conda_envs/multiflow/compiler_compat -Wno-unused-result -Wsign-compare -DNDEBUG -fwrapv -O2 -Wall -fPIC -O2 -isystem /data2/zq/conda_environment/conda_envs/multiflow/include -fPIC -O2 -isystem /data2/zq/conda_environment/conda_envs/multiflow/include -fPIC -c /data2/zq/conda_environment/tmp/tmpyrmvcpli/test.c -o /data2/zq/conda_environment/tmp/tmpyrmvcpli/test.o
[2025-12-23 15:49:17,570][root][INFO] - gcc -pthread -B /data2/zq/conda_environment/conda_envs/multiflow/compiler_compat /data2/zq/conda_environment/tmp/tmpyrmvcpli/test.o -L/usr -L/usr/lib64 -lcufile -o /data2/zq/conda_environment/tmp/tmpyrmvcpli/a.out
[2025-12-23 16:58:01,107][torch.distributed.distributed_c10d][INFO] - Added key: store_based_barrier_key:1 to store for rank: 6
[2025-12-23 16:58:01,613][torch.distributed.distributed_c10d][INFO] - Rank 6: Completed store-based barrier for key:store_based_barrier_key:1 with 8 nodes.
[2025-12-23 16:58:33,053][multiflow.models.folding_model][INFO] - Loading ESMFold on device cuda:7
[2025-12-23 16:58:33,656][root][INFO] - gcc -pthread -B /data2/zq/conda_environment/conda_envs/multiflow/compiler_compat -Wno-unused-result -Wsign-compare -DNDEBUG -fwrapv -O2 -Wall -fPIC -O2 -isystem /data2/zq/conda_environment/conda_envs/multiflow/include -fPIC -O2 -isystem /data2/zq/conda_environment/conda_envs/multiflow/include -fPIC -c /data2/zq/conda_environment/tmp/tmpkx4n6thr/test.c -o /data2/zq/conda_environment/tmp/tmpkx4n6thr/test.o
[2025-12-23 16:58:33,680][root][INFO] - gcc -pthread -B /data2/zq/conda_environment/conda_envs/multiflow/compiler_compat /data2/zq/conda_environment/tmp/tmpkx4n6thr/test.o -laio -o /data2/zq/conda_environment/tmp/tmpkx4n6thr/a.out
[2025-12-23 16:58:34,149][root][INFO] - gcc -pthread -B /data2/zq/conda_environment/conda_envs/multiflow/compiler_compat -Wno-unused-result -Wsign-compare -DNDEBUG -fwrapv -O2 -Wall -fPIC -O2 -isystem /data2/zq/conda_environment/conda_envs/multiflow/include -fPIC -O2 -isystem /data2/zq/conda_environment/conda_envs/multiflow/include -fPIC -c /data2/zq/conda_environment/tmp/tmp1jwrefeu/test.c -o /data2/zq/conda_environment/tmp/tmp1jwrefeu/test.o
[2025-12-23 16:58:34,178][root][INFO] - gcc -pthread -B /data2/zq/conda_environment/conda_envs/multiflow/compiler_compat /data2/zq/conda_environment/tmp/tmp1jwrefeu/test.o -L/usr -L/usr/lib64 -lcufile -o /data2/zq/conda_environment/tmp/tmp1jwrefeu/a.out
[2025-12-23 18:01:11,983][torch.distributed.distributed_c10d][INFO] - Added key: store_based_barrier_key:1 to store for rank: 6
[2025-12-23 18:01:12,015][torch.distributed.distributed_c10d][INFO] - Rank 6: Completed store-based barrier for key:store_based_barrier_key:1 with 8 nodes.
[2025-12-23 18:02:19,614][torch.distributed.distributed_c10d][INFO] - Added key: store_based_barrier_key:1 to store for rank: 6
[2025-12-23 18:02:19,615][torch.distributed.distributed_c10d][INFO] - Rank 6: Completed store-based barrier for key:store_based_barrier_key:1 with 8 nodes.
[2025-12-23 18:10:21,571][torch.distributed.distributed_c10d][INFO] - Added key: store_based_barrier_key:1 to store for rank: 6
[2025-12-23 18:10:21,900][torch.distributed.distributed_c10d][INFO] - Rank 6: Completed store-based barrier for key:store_based_barrier_key:1 with 8 nodes.
[2025-12-23 18:10:58,023][multiflow.models.folding_model][INFO] - Loading ESMFold on device cuda:7
[2025-12-23 18:10:58,652][root][INFO] - gcc -pthread -B /data2/zq/conda_environment/conda_envs/multiflow/compiler_compat -Wno-unused-result -Wsign-compare -DNDEBUG -fwrapv -O2 -Wall -fPIC -O2 -isystem /data2/zq/conda_environment/conda_envs/multiflow/include -fPIC -O2 -isystem /data2/zq/conda_environment/conda_envs/multiflow/include -fPIC -c /data2/zq/conda_environment/tmp/tmp483mrqg1/test.c -o /data2/zq/conda_environment/tmp/tmp483mrqg1/test.o
[2025-12-23 18:10:58,684][root][INFO] - gcc -pthread -B /data2/zq/conda_environment/conda_envs/multiflow/compiler_compat /data2/zq/conda_environment/tmp/tmp483mrqg1/test.o -laio -o /data2/zq/conda_environment/tmp/tmp483mrqg1/a.out
[2025-12-23 18:10:59,081][root][INFO] - gcc -pthread -B /data2/zq/conda_environment/conda_envs/multiflow/compiler_compat -Wno-unused-result -Wsign-compare -DNDEBUG -fwrapv -O2 -Wall -fPIC -O2 -isystem /data2/zq/conda_environment/conda_envs/multiflow/include -fPIC -O2 -isystem /data2/zq/conda_environment/conda_envs/multiflow/include -fPIC -c /data2/zq/conda_environment/tmp/tmpciknuo3b/test.c -o /data2/zq/conda_environment/tmp/tmpciknuo3b/test.o
[2025-12-23 18:10:59,099][root][INFO] - gcc -pthread -B /data2/zq/conda_environment/conda_envs/multiflow/compiler_compat /data2/zq/conda_environment/tmp/tmpciknuo3b/test.o -L/usr -L/usr/lib64 -lcufile -o /data2/zq/conda_environment/tmp/tmpciknuo3b/a.out
[2025-12-23 20:37:23,066][torch.distributed.distributed_c10d][INFO] - Added key: store_based_barrier_key:1 to store for rank: 6
[2025-12-23 20:37:23,138][torch.distributed.distributed_c10d][INFO] - Rank 6: Completed store-based barrier for key:store_based_barrier_key:1 with 8 nodes.
[2025-12-23 20:38:00,488][multiflow.models.folding_model][INFO] - Loading ESMFold on device cuda:7
[2025-12-23 20:38:01,130][root][INFO] - gcc -pthread -B /data2/zq/conda_environment/conda_envs/multiflow/compiler_compat -Wno-unused-result -Wsign-compare -DNDEBUG -fwrapv -O2 -Wall -fPIC -O2 -isystem /data2/zq/conda_environment/conda_envs/multiflow/include -fPIC -O2 -isystem /data2/zq/conda_environment/conda_envs/multiflow/include -fPIC -c /data2/zq/conda_environment/tmp/tmpr1xndu1g/test.c -o /data2/zq/conda_environment/tmp/tmpr1xndu1g/test.o
[2025-12-23 20:38:01,162][root][INFO] - gcc -pthread -B /data2/zq/conda_environment/conda_envs/multiflow/compiler_compat /data2/zq/conda_environment/tmp/tmpr1xndu1g/test.o -laio -o /data2/zq/conda_environment/tmp/tmpr1xndu1g/a.out
[2025-12-23 20:38:01,746][root][INFO] - gcc -pthread -B /data2/zq/conda_environment/conda_envs/multiflow/compiler_compat -Wno-unused-result -Wsign-compare -DNDEBUG -fwrapv -O2 -Wall -fPIC -O2 -isystem /data2/zq/conda_environment/conda_envs/multiflow/include -fPIC -O2 -isystem /data2/zq/conda_environment/conda_envs/multiflow/include -fPIC -c /data2/zq/conda_environment/tmp/tmpme5u4qhp/test.c -o /data2/zq/conda_environment/tmp/tmpme5u4qhp/test.o
[2025-12-23 20:38:01,774][root][INFO] - gcc -pthread -B /data2/zq/conda_environment/conda_envs/multiflow/compiler_compat /data2/zq/conda_environment/tmp/tmpme5u4qhp/test.o -L/usr -L/usr/lib64 -lcufile -o /data2/zq/conda_environment/tmp/tmpme5u4qhp/a.out
[2025-12-23 21:27:08,589][torch.distributed.distributed_c10d][INFO] - Added key: store_based_barrier_key:1 to store for rank: 6
[2025-12-23 21:27:09,175][torch.distributed.distributed_c10d][INFO] - Rank 6: Completed store-based barrier for key:store_based_barrier_key:1 with 8 nodes.
[2025-12-23 21:27:44,512][multiflow.models.folding_model][INFO] - Loading ESMFold on device cuda:7
[2025-12-23 21:27:45,138][root][INFO] - gcc -pthread -B /data2/zq/conda_environment/conda_envs/multiflow/compiler_compat -Wno-unused-result -Wsign-compare -DNDEBUG -fwrapv -O2 -Wall -fPIC -O2 -isystem /data2/zq/conda_environment/conda_envs/multiflow/include -fPIC -O2 -isystem /data2/zq/conda_environment/conda_envs/multiflow/include -fPIC -c /data2/zq/conda_environment/tmp/tmpao7dy2o2/test.c -o /data2/zq/conda_environment/tmp/tmpao7dy2o2/test.o
[2025-12-23 21:27:45,156][root][INFO] - gcc -pthread -B /data2/zq/conda_environment/conda_envs/multiflow/compiler_compat /data2/zq/conda_environment/tmp/tmpao7dy2o2/test.o -laio -o /data2/zq/conda_environment/tmp/tmpao7dy2o2/a.out
[2025-12-23 21:27:45,552][root][INFO] - gcc -pthread -B /data2/zq/conda_environment/conda_envs/multiflow/compiler_compat -Wno-unused-result -Wsign-compare -DNDEBUG -fwrapv -O2 -Wall -fPIC -O2 -isystem /data2/zq/conda_environment/conda_envs/multiflow/include -fPIC -O2 -isystem /data2/zq/conda_environment/conda_envs/multiflow/include -fPIC -c /data2/zq/conda_environment/tmp/tmpb6v_ro2c/test.c -o /data2/zq/conda_environment/tmp/tmpb6v_ro2c/test.o
[2025-12-23 21:27:45,580][root][INFO] - gcc -pthread -B /data2/zq/conda_environment/conda_envs/multiflow/compiler_compat /data2/zq/conda_environment/tmp/tmpb6v_ro2c/test.o -L/usr -L/usr/lib64 -lcufile -o /data2/zq/conda_environment/tmp/tmpb6v_ro2c/a.out
[2025-12-23 22:31:17,365][torch.distributed.distributed_c10d][INFO] - Added key: store_based_barrier_key:1 to store for rank: 6
[2025-12-23 22:31:17,971][torch.distributed.distributed_c10d][INFO] - Rank 6: Completed store-based barrier for key:store_based_barrier_key:1 with 8 nodes.
[2025-12-23 22:31:55,009][multiflow.models.folding_model][INFO] - Loading ESMFold on device cuda:7
[2025-12-23 22:31:55,654][root][INFO] - gcc -pthread -B /data2/zq/conda_environment/conda_envs/multiflow/compiler_compat -Wno-unused-result -Wsign-compare -DNDEBUG -fwrapv -O2 -Wall -fPIC -O2 -isystem /data2/zq/conda_environment/conda_envs/multiflow/include -fPIC -O2 -isystem /data2/zq/conda_environment/conda_envs/multiflow/include -fPIC -c /data2/zq/conda_environment/tmp/tmp9vq6sxkx/test.c -o /data2/zq/conda_environment/tmp/tmp9vq6sxkx/test.o
[2025-12-23 22:31:55,687][root][INFO] - gcc -pthread -B /data2/zq/conda_environment/conda_envs/multiflow/compiler_compat /data2/zq/conda_environment/tmp/tmp9vq6sxkx/test.o -laio -o /data2/zq/conda_environment/tmp/tmp9vq6sxkx/a.out
[2025-12-23 22:31:56,312][root][INFO] - gcc -pthread -B /data2/zq/conda_environment/conda_envs/multiflow/compiler_compat -Wno-unused-result -Wsign-compare -DNDEBUG -fwrapv -O2 -Wall -fPIC -O2 -isystem /data2/zq/conda_environment/conda_envs/multiflow/include -fPIC -O2 -isystem /data2/zq/conda_environment/conda_envs/multiflow/include -fPIC -c /data2/zq/conda_environment/tmp/tmp8bqkq8a9/test.c -o /data2/zq/conda_environment/tmp/tmp8bqkq8a9/test.o
[2025-12-23 22:31:56,336][root][INFO] - gcc -pthread -B /data2/zq/conda_environment/conda_envs/multiflow/compiler_compat /data2/zq/conda_environment/tmp/tmp8bqkq8a9/test.o -L/usr -L/usr/lib64 -lcufile -o /data2/zq/conda_environment/tmp/tmp8bqkq8a9/a.out
[2025-12-23 23:39:41,970][torch.distributed.distributed_c10d][INFO] - Added key: store_based_barrier_key:1 to store for rank: 6
[2025-12-23 23:39:42,964][torch.distributed.distributed_c10d][INFO] - Rank 6: Completed store-based barrier for key:store_based_barrier_key:1 with 8 nodes.
[2025-12-23 23:40:19,599][multiflow.models.folding_model][INFO] - Loading ESMFold on device cuda:7
[2025-12-23 23:40:20,219][root][INFO] - gcc -pthread -B /data2/zq/conda_environment/conda_envs/multiflow/compiler_compat -Wno-unused-result -Wsign-compare -DNDEBUG -fwrapv -O2 -Wall -fPIC -O2 -isystem /data2/zq/conda_environment/conda_envs/multiflow/include -fPIC -O2 -isystem /data2/zq/conda_environment/conda_envs/multiflow/include -fPIC -c /data2/zq/conda_environment/tmp/tmpcqnerjjg/test.c -o /data2/zq/conda_environment/tmp/tmpcqnerjjg/test.o
[2025-12-23 23:40:20,247][root][INFO] - gcc -pthread -B /data2/zq/conda_environment/conda_envs/multiflow/compiler_compat /data2/zq/conda_environment/tmp/tmpcqnerjjg/test.o -laio -o /data2/zq/conda_environment/tmp/tmpcqnerjjg/a.out
[2025-12-23 23:40:20,700][root][INFO] - gcc -pthread -B /data2/zq/conda_environment/conda_envs/multiflow/compiler_compat -Wno-unused-result -Wsign-compare -DNDEBUG -fwrapv -O2 -Wall -fPIC -O2 -isystem /data2/zq/conda_environment/conda_envs/multiflow/include -fPIC -O2 -isystem /data2/zq/conda_environment/conda_envs/multiflow/include -fPIC -c /data2/zq/conda_environment/tmp/tmppwt7_cq8/test.c -o /data2/zq/conda_environment/tmp/tmppwt7_cq8/test.o
[2025-12-23 23:40:20,719][root][INFO] - gcc -pthread -B /data2/zq/conda_environment/conda_envs/multiflow/compiler_compat /data2/zq/conda_environment/tmp/tmppwt7_cq8/test.o -L/usr -L/usr/lib64 -lcufile -o /data2/zq/conda_environment/tmp/tmppwt7_cq8/a.out
