[2025-12-23 14:06:03,045][torch.distributed.distributed_c10d][INFO] - Added key: store_based_barrier_key:1 to store for rank: 3
[2025-12-23 14:06:05,210][torch.distributed.distributed_c10d][INFO] - Rank 3: Completed store-based barrier for key:store_based_barrier_key:1 with 8 nodes.
[2025-12-23 14:06:37,216][multiflow.models.folding_model][INFO] - Loading ESMFold on device cuda:4
[2025-12-23 14:06:37,842][root][INFO] - gcc -pthread -B /data2/zq/conda_environment/conda_envs/multiflow/compiler_compat -Wno-unused-result -Wsign-compare -DNDEBUG -fwrapv -O2 -Wall -fPIC -O2 -isystem /data2/zq/conda_environment/conda_envs/multiflow/include -fPIC -O2 -isystem /data2/zq/conda_environment/conda_envs/multiflow/include -fPIC -c /data2/zq/conda_environment/tmp/tmp7ru5qekf/test.c -o /data2/zq/conda_environment/tmp/tmp7ru5qekf/test.o
[2025-12-23 14:06:37,870][root][INFO] - gcc -pthread -B /data2/zq/conda_environment/conda_envs/multiflow/compiler_compat /data2/zq/conda_environment/tmp/tmp7ru5qekf/test.o -laio -o /data2/zq/conda_environment/tmp/tmp7ru5qekf/a.out
[2025-12-23 14:06:38,302][root][INFO] - gcc -pthread -B /data2/zq/conda_environment/conda_envs/multiflow/compiler_compat -Wno-unused-result -Wsign-compare -DNDEBUG -fwrapv -O2 -Wall -fPIC -O2 -isystem /data2/zq/conda_environment/conda_envs/multiflow/include -fPIC -O2 -isystem /data2/zq/conda_environment/conda_envs/multiflow/include -fPIC -c /data2/zq/conda_environment/tmp/tmpf5uw8t3z/test.c -o /data2/zq/conda_environment/tmp/tmpf5uw8t3z/test.o
[2025-12-23 14:06:38,334][root][INFO] - gcc -pthread -B /data2/zq/conda_environment/conda_envs/multiflow/compiler_compat /data2/zq/conda_environment/tmp/tmpf5uw8t3z/test.o -L/usr -L/usr/lib64 -lcufile -o /data2/zq/conda_environment/tmp/tmpf5uw8t3z/a.out
[2025-12-23 15:05:16,310][torch.distributed.distributed_c10d][INFO] - Added key: store_based_barrier_key:1 to store for rank: 3
[2025-12-23 15:05:16,362][torch.distributed.distributed_c10d][INFO] - Rank 3: Completed store-based barrier for key:store_based_barrier_key:1 with 8 nodes.
[2025-12-23 15:08:17,749][torch.distributed.distributed_c10d][INFO] - Added key: store_based_barrier_key:1 to store for rank: 3
[2025-12-23 15:08:17,925][torch.distributed.distributed_c10d][INFO] - Rank 3: Completed store-based barrier for key:store_based_barrier_key:1 with 8 nodes.
[2025-12-23 15:22:21,715][torch.distributed.distributed_c10d][INFO] - Added key: store_based_barrier_key:1 to store for rank: 3
[2025-12-23 15:22:21,787][torch.distributed.distributed_c10d][INFO] - Rank 3: Completed store-based barrier for key:store_based_barrier_key:1 with 8 nodes.
[2025-12-23 15:23:10,324][multiflow.models.folding_model][INFO] - Loading ESMFold on device cuda:4
[2025-12-23 15:23:10,963][root][INFO] - gcc -pthread -B /data2/zq/conda_environment/conda_envs/multiflow/compiler_compat -Wno-unused-result -Wsign-compare -DNDEBUG -fwrapv -O2 -Wall -fPIC -O2 -isystem /data2/zq/conda_environment/conda_envs/multiflow/include -fPIC -O2 -isystem /data2/zq/conda_environment/conda_envs/multiflow/include -fPIC -c /data2/zq/conda_environment/tmp/tmponzjlfyb/test.c -o /data2/zq/conda_environment/tmp/tmponzjlfyb/test.o
[2025-12-23 15:23:10,996][root][INFO] - gcc -pthread -B /data2/zq/conda_environment/conda_envs/multiflow/compiler_compat /data2/zq/conda_environment/tmp/tmponzjlfyb/test.o -laio -o /data2/zq/conda_environment/tmp/tmponzjlfyb/a.out
[2025-12-23 15:23:11,503][root][INFO] - gcc -pthread -B /data2/zq/conda_environment/conda_envs/multiflow/compiler_compat -Wno-unused-result -Wsign-compare -DNDEBUG -fwrapv -O2 -Wall -fPIC -O2 -isystem /data2/zq/conda_environment/conda_envs/multiflow/include -fPIC -O2 -isystem /data2/zq/conda_environment/conda_envs/multiflow/include -fPIC -c /data2/zq/conda_environment/tmp/tmp_m2s3yxx/test.c -o /data2/zq/conda_environment/tmp/tmp_m2s3yxx/test.o
[2025-12-23 15:23:11,531][root][INFO] - gcc -pthread -B /data2/zq/conda_environment/conda_envs/multiflow/compiler_compat /data2/zq/conda_environment/tmp/tmp_m2s3yxx/test.o -L/usr -L/usr/lib64 -lcufile -o /data2/zq/conda_environment/tmp/tmp_m2s3yxx/a.out
[2025-12-23 15:33:45,227][torch.distributed.distributed_c10d][INFO] - Added key: store_based_barrier_key:1 to store for rank: 3
[2025-12-23 15:33:45,330][torch.distributed.distributed_c10d][INFO] - Rank 3: Completed store-based barrier for key:store_based_barrier_key:1 with 8 nodes.
[2025-12-23 15:36:01,789][torch.distributed.distributed_c10d][INFO] - Added key: store_based_barrier_key:1 to store for rank: 3
[2025-12-23 15:36:02,139][torch.distributed.distributed_c10d][INFO] - Rank 3: Completed store-based barrier for key:store_based_barrier_key:1 with 8 nodes.
[2025-12-23 15:39:49,969][torch.distributed.distributed_c10d][INFO] - Added key: store_based_barrier_key:1 to store for rank: 3
[2025-12-23 15:39:50,010][torch.distributed.distributed_c10d][INFO] - Rank 3: Completed store-based barrier for key:store_based_barrier_key:1 with 8 nodes.
[2025-12-23 15:48:39,511][torch.distributed.distributed_c10d][INFO] - Added key: store_based_barrier_key:1 to store for rank: 3
[2025-12-23 15:48:41,202][torch.distributed.distributed_c10d][INFO] - Rank 3: Completed store-based barrier for key:store_based_barrier_key:1 with 8 nodes.
[2025-12-23 15:49:16,229][multiflow.models.folding_model][INFO] - Loading ESMFold on device cuda:4
[2025-12-23 15:49:16,824][root][INFO] - gcc -pthread -B /data2/zq/conda_environment/conda_envs/multiflow/compiler_compat -Wno-unused-result -Wsign-compare -DNDEBUG -fwrapv -O2 -Wall -fPIC -O2 -isystem /data2/zq/conda_environment/conda_envs/multiflow/include -fPIC -O2 -isystem /data2/zq/conda_environment/conda_envs/multiflow/include -fPIC -c /data2/zq/conda_environment/tmp/tmpdr6i04xq/test.c -o /data2/zq/conda_environment/tmp/tmpdr6i04xq/test.o
[2025-12-23 15:49:16,855][root][INFO] - gcc -pthread -B /data2/zq/conda_environment/conda_envs/multiflow/compiler_compat /data2/zq/conda_environment/tmp/tmpdr6i04xq/test.o -laio -o /data2/zq/conda_environment/tmp/tmpdr6i04xq/a.out
[2025-12-23 15:49:17,245][root][INFO] - gcc -pthread -B /data2/zq/conda_environment/conda_envs/multiflow/compiler_compat -Wno-unused-result -Wsign-compare -DNDEBUG -fwrapv -O2 -Wall -fPIC -O2 -isystem /data2/zq/conda_environment/conda_envs/multiflow/include -fPIC -O2 -isystem /data2/zq/conda_environment/conda_envs/multiflow/include -fPIC -c /data2/zq/conda_environment/tmp/tmpc0lnu88s/test.c -o /data2/zq/conda_environment/tmp/tmpc0lnu88s/test.o
[2025-12-23 15:49:17,266][root][INFO] - gcc -pthread -B /data2/zq/conda_environment/conda_envs/multiflow/compiler_compat /data2/zq/conda_environment/tmp/tmpc0lnu88s/test.o -L/usr -L/usr/lib64 -lcufile -o /data2/zq/conda_environment/tmp/tmpc0lnu88s/a.out
[2025-12-23 16:58:00,486][torch.distributed.distributed_c10d][INFO] - Added key: store_based_barrier_key:1 to store for rank: 3
[2025-12-23 16:58:01,606][torch.distributed.distributed_c10d][INFO] - Rank 3: Completed store-based barrier for key:store_based_barrier_key:1 with 8 nodes.
[2025-12-23 16:58:33,228][multiflow.models.folding_model][INFO] - Loading ESMFold on device cuda:4
[2025-12-23 16:58:33,833][root][INFO] - gcc -pthread -B /data2/zq/conda_environment/conda_envs/multiflow/compiler_compat -Wno-unused-result -Wsign-compare -DNDEBUG -fwrapv -O2 -Wall -fPIC -O2 -isystem /data2/zq/conda_environment/conda_envs/multiflow/include -fPIC -O2 -isystem /data2/zq/conda_environment/conda_envs/multiflow/include -fPIC -c /data2/zq/conda_environment/tmp/tmpkw3fwze7/test.c -o /data2/zq/conda_environment/tmp/tmpkw3fwze7/test.o
[2025-12-23 16:58:33,854][root][INFO] - gcc -pthread -B /data2/zq/conda_environment/conda_envs/multiflow/compiler_compat /data2/zq/conda_environment/tmp/tmpkw3fwze7/test.o -laio -o /data2/zq/conda_environment/tmp/tmpkw3fwze7/a.out
[2025-12-23 16:58:34,243][root][INFO] - gcc -pthread -B /data2/zq/conda_environment/conda_envs/multiflow/compiler_compat -Wno-unused-result -Wsign-compare -DNDEBUG -fwrapv -O2 -Wall -fPIC -O2 -isystem /data2/zq/conda_environment/conda_envs/multiflow/include -fPIC -O2 -isystem /data2/zq/conda_environment/conda_envs/multiflow/include -fPIC -c /data2/zq/conda_environment/tmp/tmp3ar_rahs/test.c -o /data2/zq/conda_environment/tmp/tmp3ar_rahs/test.o
[2025-12-23 16:58:34,261][root][INFO] - gcc -pthread -B /data2/zq/conda_environment/conda_envs/multiflow/compiler_compat /data2/zq/conda_environment/tmp/tmp3ar_rahs/test.o -L/usr -L/usr/lib64 -lcufile -o /data2/zq/conda_environment/tmp/tmp3ar_rahs/a.out
[2025-12-23 18:01:11,928][torch.distributed.distributed_c10d][INFO] - Added key: store_based_barrier_key:1 to store for rank: 3
[2025-12-23 18:01:12,011][torch.distributed.distributed_c10d][INFO] - Rank 3: Completed store-based barrier for key:store_based_barrier_key:1 with 8 nodes.
[2025-12-23 18:02:19,539][torch.distributed.distributed_c10d][INFO] - Added key: store_based_barrier_key:1 to store for rank: 3
[2025-12-23 18:02:19,621][torch.distributed.distributed_c10d][INFO] - Rank 3: Completed store-based barrier for key:store_based_barrier_key:1 with 8 nodes.
[2025-12-23 18:10:21,404][torch.distributed.distributed_c10d][INFO] - Added key: store_based_barrier_key:1 to store for rank: 3
[2025-12-23 18:10:21,904][torch.distributed.distributed_c10d][INFO] - Rank 3: Completed store-based barrier for key:store_based_barrier_key:1 with 8 nodes.
[2025-12-23 18:10:58,254][multiflow.models.folding_model][INFO] - Loading ESMFold on device cuda:4
[2025-12-23 18:10:58,858][root][INFO] - gcc -pthread -B /data2/zq/conda_environment/conda_envs/multiflow/compiler_compat -Wno-unused-result -Wsign-compare -DNDEBUG -fwrapv -O2 -Wall -fPIC -O2 -isystem /data2/zq/conda_environment/conda_envs/multiflow/include -fPIC -O2 -isystem /data2/zq/conda_environment/conda_envs/multiflow/include -fPIC -c /data2/zq/conda_environment/tmp/tmp5gurkxka/test.c -o /data2/zq/conda_environment/tmp/tmp5gurkxka/test.o
[2025-12-23 18:10:58,881][root][INFO] - gcc -pthread -B /data2/zq/conda_environment/conda_envs/multiflow/compiler_compat /data2/zq/conda_environment/tmp/tmp5gurkxka/test.o -laio -o /data2/zq/conda_environment/tmp/tmp5gurkxka/a.out
[2025-12-23 18:10:59,279][root][INFO] - gcc -pthread -B /data2/zq/conda_environment/conda_envs/multiflow/compiler_compat -Wno-unused-result -Wsign-compare -DNDEBUG -fwrapv -O2 -Wall -fPIC -O2 -isystem /data2/zq/conda_environment/conda_envs/multiflow/include -fPIC -O2 -isystem /data2/zq/conda_environment/conda_envs/multiflow/include -fPIC -c /data2/zq/conda_environment/tmp/tmps22w_k0f/test.c -o /data2/zq/conda_environment/tmp/tmps22w_k0f/test.o
[2025-12-23 18:10:59,299][root][INFO] - gcc -pthread -B /data2/zq/conda_environment/conda_envs/multiflow/compiler_compat /data2/zq/conda_environment/tmp/tmps22w_k0f/test.o -L/usr -L/usr/lib64 -lcufile -o /data2/zq/conda_environment/tmp/tmps22w_k0f/a.out
[2025-12-23 20:37:22,674][torch.distributed.distributed_c10d][INFO] - Added key: store_based_barrier_key:1 to store for rank: 3
[2025-12-23 20:37:23,137][torch.distributed.distributed_c10d][INFO] - Rank 3: Completed store-based barrier for key:store_based_barrier_key:1 with 8 nodes.
[2025-12-23 20:37:58,730][multiflow.models.folding_model][INFO] - Loading ESMFold on device cuda:4
[2025-12-23 20:37:59,350][root][INFO] - gcc -pthread -B /data2/zq/conda_environment/conda_envs/multiflow/compiler_compat -Wno-unused-result -Wsign-compare -DNDEBUG -fwrapv -O2 -Wall -fPIC -O2 -isystem /data2/zq/conda_environment/conda_envs/multiflow/include -fPIC -O2 -isystem /data2/zq/conda_environment/conda_envs/multiflow/include -fPIC -c /data2/zq/conda_environment/tmp/tmpj5xd0qi0/test.c -o /data2/zq/conda_environment/tmp/tmpj5xd0qi0/test.o
[2025-12-23 20:37:59,376][root][INFO] - gcc -pthread -B /data2/zq/conda_environment/conda_envs/multiflow/compiler_compat /data2/zq/conda_environment/tmp/tmpj5xd0qi0/test.o -laio -o /data2/zq/conda_environment/tmp/tmpj5xd0qi0/a.out
[2025-12-23 20:37:59,803][root][INFO] - gcc -pthread -B /data2/zq/conda_environment/conda_envs/multiflow/compiler_compat -Wno-unused-result -Wsign-compare -DNDEBUG -fwrapv -O2 -Wall -fPIC -O2 -isystem /data2/zq/conda_environment/conda_envs/multiflow/include -fPIC -O2 -isystem /data2/zq/conda_environment/conda_envs/multiflow/include -fPIC -c /data2/zq/conda_environment/tmp/tmp2yuz_8lu/test.c -o /data2/zq/conda_environment/tmp/tmp2yuz_8lu/test.o
[2025-12-23 20:37:59,835][root][INFO] - gcc -pthread -B /data2/zq/conda_environment/conda_envs/multiflow/compiler_compat /data2/zq/conda_environment/tmp/tmp2yuz_8lu/test.o -L/usr -L/usr/lib64 -lcufile -o /data2/zq/conda_environment/tmp/tmp2yuz_8lu/a.out
[2025-12-23 21:27:09,095][torch.distributed.distributed_c10d][INFO] - Added key: store_based_barrier_key:1 to store for rank: 3
[2025-12-23 21:27:09,167][torch.distributed.distributed_c10d][INFO] - Rank 3: Completed store-based barrier for key:store_based_barrier_key:1 with 8 nodes.
[2025-12-23 21:27:46,205][multiflow.models.folding_model][INFO] - Loading ESMFold on device cuda:4
[2025-12-23 21:27:46,836][root][INFO] - gcc -pthread -B /data2/zq/conda_environment/conda_envs/multiflow/compiler_compat -Wno-unused-result -Wsign-compare -DNDEBUG -fwrapv -O2 -Wall -fPIC -O2 -isystem /data2/zq/conda_environment/conda_envs/multiflow/include -fPIC -O2 -isystem /data2/zq/conda_environment/conda_envs/multiflow/include -fPIC -c /data2/zq/conda_environment/tmp/tmpzxhvd5un/test.c -o /data2/zq/conda_environment/tmp/tmpzxhvd5un/test.o
[2025-12-23 21:27:46,864][root][INFO] - gcc -pthread -B /data2/zq/conda_environment/conda_envs/multiflow/compiler_compat /data2/zq/conda_environment/tmp/tmpzxhvd5un/test.o -laio -o /data2/zq/conda_environment/tmp/tmpzxhvd5un/a.out
[2025-12-23 21:27:47,362][root][INFO] - gcc -pthread -B /data2/zq/conda_environment/conda_envs/multiflow/compiler_compat -Wno-unused-result -Wsign-compare -DNDEBUG -fwrapv -O2 -Wall -fPIC -O2 -isystem /data2/zq/conda_environment/conda_envs/multiflow/include -fPIC -O2 -isystem /data2/zq/conda_environment/conda_envs/multiflow/include -fPIC -c /data2/zq/conda_environment/tmp/tmpwdeue9au/test.c -o /data2/zq/conda_environment/tmp/tmpwdeue9au/test.o
[2025-12-23 21:27:47,389][root][INFO] - gcc -pthread -B /data2/zq/conda_environment/conda_envs/multiflow/compiler_compat /data2/zq/conda_environment/tmp/tmpwdeue9au/test.o -L/usr -L/usr/lib64 -lcufile -o /data2/zq/conda_environment/tmp/tmpwdeue9au/a.out
[2025-12-23 22:31:17,903][torch.distributed.distributed_c10d][INFO] - Added key: store_based_barrier_key:1 to store for rank: 3
[2025-12-23 22:31:17,965][torch.distributed.distributed_c10d][INFO] - Rank 3: Completed store-based barrier for key:store_based_barrier_key:1 with 8 nodes.
[2025-12-23 22:31:55,092][multiflow.models.folding_model][INFO] - Loading ESMFold on device cuda:4
[2025-12-23 22:31:55,730][root][INFO] - gcc -pthread -B /data2/zq/conda_environment/conda_envs/multiflow/compiler_compat -Wno-unused-result -Wsign-compare -DNDEBUG -fwrapv -O2 -Wall -fPIC -O2 -isystem /data2/zq/conda_environment/conda_envs/multiflow/include -fPIC -O2 -isystem /data2/zq/conda_environment/conda_envs/multiflow/include -fPIC -c /data2/zq/conda_environment/tmp/tmp0m8ghgl7/test.c -o /data2/zq/conda_environment/tmp/tmp0m8ghgl7/test.o
[2025-12-23 22:31:55,752][root][INFO] - gcc -pthread -B /data2/zq/conda_environment/conda_envs/multiflow/compiler_compat /data2/zq/conda_environment/tmp/tmp0m8ghgl7/test.o -laio -o /data2/zq/conda_environment/tmp/tmp0m8ghgl7/a.out
[2025-12-23 22:31:56,155][root][INFO] - gcc -pthread -B /data2/zq/conda_environment/conda_envs/multiflow/compiler_compat -Wno-unused-result -Wsign-compare -DNDEBUG -fwrapv -O2 -Wall -fPIC -O2 -isystem /data2/zq/conda_environment/conda_envs/multiflow/include -fPIC -O2 -isystem /data2/zq/conda_environment/conda_envs/multiflow/include -fPIC -c /data2/zq/conda_environment/tmp/tmp6nbhbwlw/test.c -o /data2/zq/conda_environment/tmp/tmp6nbhbwlw/test.o
[2025-12-23 22:31:56,176][root][INFO] - gcc -pthread -B /data2/zq/conda_environment/conda_envs/multiflow/compiler_compat /data2/zq/conda_environment/tmp/tmp6nbhbwlw/test.o -L/usr -L/usr/lib64 -lcufile -o /data2/zq/conda_environment/tmp/tmp6nbhbwlw/a.out
[2025-12-23 23:39:42,908][torch.distributed.distributed_c10d][INFO] - Added key: store_based_barrier_key:1 to store for rank: 3
[2025-12-23 23:39:42,971][torch.distributed.distributed_c10d][INFO] - Rank 3: Completed store-based barrier for key:store_based_barrier_key:1 with 8 nodes.
[2025-12-23 23:40:19,059][multiflow.models.folding_model][INFO] - Loading ESMFold on device cuda:4
[2025-12-23 23:40:19,676][root][INFO] - gcc -pthread -B /data2/zq/conda_environment/conda_envs/multiflow/compiler_compat -Wno-unused-result -Wsign-compare -DNDEBUG -fwrapv -O2 -Wall -fPIC -O2 -isystem /data2/zq/conda_environment/conda_envs/multiflow/include -fPIC -O2 -isystem /data2/zq/conda_environment/conda_envs/multiflow/include -fPIC -c /data2/zq/conda_environment/tmp/tmp8e1ue_1r/test.c -o /data2/zq/conda_environment/tmp/tmp8e1ue_1r/test.o
[2025-12-23 23:40:19,697][root][INFO] - gcc -pthread -B /data2/zq/conda_environment/conda_envs/multiflow/compiler_compat /data2/zq/conda_environment/tmp/tmp8e1ue_1r/test.o -laio -o /data2/zq/conda_environment/tmp/tmp8e1ue_1r/a.out
[2025-12-23 23:40:20,121][root][INFO] - gcc -pthread -B /data2/zq/conda_environment/conda_envs/multiflow/compiler_compat -Wno-unused-result -Wsign-compare -DNDEBUG -fwrapv -O2 -Wall -fPIC -O2 -isystem /data2/zq/conda_environment/conda_envs/multiflow/include -fPIC -O2 -isystem /data2/zq/conda_environment/conda_envs/multiflow/include -fPIC -c /data2/zq/conda_environment/tmp/tmpisdos30b/test.c -o /data2/zq/conda_environment/tmp/tmpisdos30b/test.o
[2025-12-23 23:40:20,151][root][INFO] - gcc -pthread -B /data2/zq/conda_environment/conda_envs/multiflow/compiler_compat /data2/zq/conda_environment/tmp/tmpisdos30b/test.o -L/usr -L/usr/lib64 -lcufile -o /data2/zq/conda_environment/tmp/tmpisdos30b/a.out
[2025-12-30 18:24:14,887][torch.distributed.distributed_c10d][INFO] - Added key: store_based_barrier_key:1 to store for rank: 3
[2025-12-30 18:24:14,914][torch.distributed.distributed_c10d][INFO] - Rank 3: Completed store-based barrier for key:store_based_barrier_key:1 with 5 nodes.
[2025-12-30 18:24:49,680][multiflow.models.folding_model][INFO] - Loading ESMFold on device cuda:5
[2025-12-30 18:24:50,269][root][INFO] - gcc -pthread -B /data2/zq/conda_environment/conda_envs/multiflow/compiler_compat -Wno-unused-result -Wsign-compare -DNDEBUG -fwrapv -O2 -Wall -fPIC -O2 -isystem /data2/zq/conda_environment/conda_envs/multiflow/include -fPIC -O2 -isystem /data2/zq/conda_environment/conda_envs/multiflow/include -fPIC -c /data2/zq/conda_environment/tmp/tmpw05zdbx4/test.c -o /data2/zq/conda_environment/tmp/tmpw05zdbx4/test.o
[2025-12-30 18:24:50,296][root][INFO] - gcc -pthread -B /data2/zq/conda_environment/conda_envs/multiflow/compiler_compat /data2/zq/conda_environment/tmp/tmpw05zdbx4/test.o -laio -o /data2/zq/conda_environment/tmp/tmpw05zdbx4/a.out
[2025-12-30 18:24:50,782][root][INFO] - gcc -pthread -B /data2/zq/conda_environment/conda_envs/multiflow/compiler_compat -Wno-unused-result -Wsign-compare -DNDEBUG -fwrapv -O2 -Wall -fPIC -O2 -isystem /data2/zq/conda_environment/conda_envs/multiflow/include -fPIC -O2 -isystem /data2/zq/conda_environment/conda_envs/multiflow/include -fPIC -c /data2/zq/conda_environment/tmp/tmpdzbxeqpg/test.c -o /data2/zq/conda_environment/tmp/tmpdzbxeqpg/test.o
[2025-12-30 18:24:50,806][root][INFO] - gcc -pthread -B /data2/zq/conda_environment/conda_envs/multiflow/compiler_compat /data2/zq/conda_environment/tmp/tmpdzbxeqpg/test.o -L/usr -L/usr/lib64 -lcufile -o /data2/zq/conda_environment/tmp/tmpdzbxeqpg/a.out
[2026-01-12 12:26:08,025][torch.distributed.distributed_c10d][INFO] - Added key: store_based_barrier_key:1 to store for rank: 3
[2026-01-12 12:26:08,218][torch.distributed.distributed_c10d][INFO] - Rank 3: Completed store-based barrier for key:store_based_barrier_key:1 with 4 nodes.
[2026-01-12 12:28:16,549][torch.distributed.distributed_c10d][INFO] - Added key: store_based_barrier_key:1 to store for rank: 3
[2026-01-12 12:28:17,011][torch.distributed.distributed_c10d][INFO] - Rank 3: Completed store-based barrier for key:store_based_barrier_key:1 with 4 nodes.
[2026-01-12 12:38:34,660][torch.distributed.distributed_c10d][INFO] - Added key: store_based_barrier_key:1 to store for rank: 3
[2026-01-12 12:38:35,816][torch.distributed.distributed_c10d][INFO] - Rank 3: Completed store-based barrier for key:store_based_barrier_key:1 with 4 nodes.
